2003-07-17 00:50:47,967 INFO  org.apache.maven.plugin.PluginManager - Initializing Plugins!
2003-07-17 00:50:48,249 INFO  org.apache.maven.plugin.PluginManager - Finished initializing Plugins!
2003-07-17 00:50:50,236 ERROR org.apache.commons.jelly.tags.ant.AntTag - Class org.apache.commons.jelly.tags.core.IfTag doesn't support the nested "available" element.
2003-07-17 00:50:50,260 ERROR org.apache.commons.jelly.tags.ant.AntTag - Class org.apache.commons.jelly.tags.core.IfTag doesn't support the nested "available" element.
2003-07-17 00:50:50,261 ERROR org.apache.commons.jelly.tags.ant.AntTag - Class com.werken.werkz.jelly.ProjectTag doesn't support the nested "path" element.
2003-07-17 00:50:50,414 ERROR org.apache.commons.jelly.tags.ant.AntTag - Class org.apache.commons.jelly.tags.core.IfTag doesn't support the nested "path" element.
2003-07-17 00:50:50,420 ERROR org.apache.commons.jelly.tags.ant.AntTag - Class org.apache.commons.jelly.tags.core.IfTag doesn't support the nested "path" element.
2003-07-17 00:50:51,552 ERROR org.apache.commons.jelly.tags.ant.AntTag - Class com.werken.werkz.jelly.ProjectTag doesn't support the nested "path" element.
2003-07-17 00:50:51,558 ERROR org.apache.commons.jelly.tags.ant.AntTag - Class org.apache.commons.jelly.tags.core.IfTag doesn't support the nested "path" element.
2003-07-17 00:50:51,560 ERROR org.apache.commons.jelly.tags.ant.AntTag - Class org.apache.commons.jelly.tags.core.IfTag doesn't support the nested "path" element.
2003-07-17 00:50:51,976 ERROR org.apache.commons.jelly.tags.ant.AntTag - Class com.werken.werkz.jelly.ProjectTag doesn't support the nested "path" element.
2003-07-17 00:50:51,979 ERROR org.apache.commons.jelly.tags.ant.AntTag - Class org.apache.commons.jelly.tags.core.IfTag doesn't support the nested "path" element.
2003-07-17 00:50:51,984 ERROR org.apache.commons.jelly.tags.ant.AntTag - Class org.apache.commons.jelly.tags.core.IfTag doesn't support the nested "path" element.
2003-07-17 00:50:52,427 ERROR org.apache.commons.jelly.tags.ant.AntTag - Class com.werken.werkz.jelly.ProjectTag doesn't support the nested "path" element.
2003-07-17 00:50:52,429 ERROR org.apache.commons.jelly.tags.ant.AntTag - Class org.apache.commons.jelly.tags.core.IfTag doesn't support the nested "path" element.
2003-07-17 00:50:52,434 ERROR org.apache.commons.jelly.tags.ant.AntTag - Class org.apache.commons.jelly.tags.core.IfTag doesn't support the nested "path" element.
2003-07-17 00:50:52,765 ERROR org.apache.commons.jelly.tags.ant.AntTag - Class com.werken.werkz.jelly.ProjectTag doesn't support the nested "path" element.
2003-07-17 00:50:52,768 ERROR org.apache.commons.jelly.tags.ant.AntTag - Class org.apache.commons.jelly.tags.core.IfTag doesn't support the nested "path" element.
2003-07-17 00:50:52,770 ERROR org.apache.commons.jelly.tags.ant.AntTag - Class org.apache.commons.jelly.tags.core.IfTag doesn't support the nested "path" element.
2003-07-17 00:50:52,917 ERROR org.apache.commons.jelly.tags.ant.AntTag - Class com.werken.werkz.jelly.ProjectTag doesn't support the nested "path" element.
2003-07-17 00:50:52,919 ERROR org.apache.commons.jelly.tags.ant.AntTag - Class org.apache.commons.jelly.tags.core.IfTag doesn't support the nested "path" element.
2003-07-17 00:50:52,921 ERROR org.apache.commons.jelly.tags.ant.AntTag - Class org.apache.commons.jelly.tags.core.IfTag doesn't support the nested "path" element.
2003-07-17 00:50:53,017 WARN  org.apache.commons.jelly.expression.jexl.JexlExpression - Caught exception evaluating: org.apache.commons.jexl.ExpressionImpl@1712651. Reason: java.lang.NumberFormatException: For input string: "includes"
java.lang.NumberFormatException: For input string: "includes"
	at java.lang.NumberFormatException.forInputString(NumberFormatException.java:48)
	at java.lang.Integer.parseInt(Integer.java:468)
	at java.lang.Integer.valueOf(Integer.java:574)
	at org.apache.commons.jexl.util.Coercion.coerceInteger(Coercion.java:95)
	at org.apache.commons.jexl.parser.ASTArrayAccess.evaluateExpr(ASTArrayAccess.java:177)
	at org.apache.commons.jexl.parser.ASTIdentifier.execute(ASTIdentifier.java:104)
	at org.apache.commons.jexl.parser.ASTReference.execute(ASTReference.java:106)
	at org.apache.commons.jexl.parser.ASTReference.value(ASTReference.java:88)
	at org.apache.commons.jexl.parser.ASTNotNode.value(ASTNotNode.java:88)
	at org.apache.commons.jexl.parser.ASTExpression.value(ASTExpression.java:85)
	at org.apache.commons.jexl.ExpressionImpl.evaluate(ExpressionImpl.java:123)
	at org.apache.commons.jelly.expression.jexl.JexlExpression.evaluate(JexlExpression.java:115)
	at org.apache.commons.jelly.expression.jexl.JexlExpressionFactory$ExpressionSupportLocal.evaluate(JexlExpressionFactory.java:168)
	at org.apache.commons.jelly.expression.ExpressionSupport.evaluateRecurse(ExpressionSupport.java:106)
	at org.apache.commons.jelly.expression.ExpressionSupport.evaluateAsBoolean(ExpressionSupport.java:116)
	at org.apache.commons.jelly.tags.core.WhenTag.doTag(WhenTag.java:90)
	at org.apache.commons.jelly.impl.TagScript.run(TagScript.java:279)
	at org.apache.commons.jelly.impl.ScriptBlock.run(ScriptBlock.java:135)
	at org.apache.commons.jelly.TagSupport.invokeBody(TagSupport.java:233)
	at org.apache.commons.jelly.tags.core.ChooseTag.doTag(ChooseTag.java:84)
	at org.apache.commons.jelly.impl.TagScript.run(TagScript.java:279)
	at org.apache.commons.jelly.impl.ScriptBlock.run(ScriptBlock.java:135)
	at org.apache.commons.jelly.TagSupport.invokeBody(TagSupport.java:233)
	at com.werken.werkz.jelly.ProjectTag.doTag(ProjectTag.java:112)
	at org.apache.commons.jelly.impl.TagScript.run(TagScript.java:279)
	at org.apache.maven.jelly.JellyUtils.runScript(JellyUtils.java:112)
	at org.apache.maven.jelly.JellyUtils.runScript(JellyUtils.java:139)
	at org.apache.maven.plugin.PluginManager.loadPlugin(PluginManager.java:673)
	at org.apache.maven.plugin.PluginManager.prepForGoal(PluginManager.java:475)
	at org.apache.maven.plugin.PluginManager.attainGoals(PluginManager.java:367)
	at org.apache.maven.MavenSession.attainGoals(MavenSession.java:360)
	at org.apache.maven.cli.App.doMain(App.java:518)
	at org.apache.maven.cli.App.main(App.java:1074)
	at sun.reflect.NativeMethodAccessorImpl.invoke0(Native Method)
	at sun.reflect.NativeMethodAccessorImpl.invoke(NativeMethodAccessorImpl.java:39)
	at sun.reflect.DelegatingMethodAccessorImpl.invoke(DelegatingMethodAccessorImpl.java:25)
	at java.lang.reflect.Method.invoke(Method.java:324)
	at com.werken.forehead.Forehead.run(Forehead.java:543)
	at com.werken.forehead.Forehead.main(Forehead.java:573)
2003-07-17 00:50:53,023 WARN  org.apache.commons.jelly.expression.jexl.JexlExpression - Caught exception evaluating: org.apache.commons.jexl.ExpressionImpl@1d33a6b. Reason: java.lang.NumberFormatException: For input string: "excludes"
java.lang.NumberFormatException: For input string: "excludes"
	at java.lang.NumberFormatException.forInputString(NumberFormatException.java:48)
	at java.lang.Integer.parseInt(Integer.java:468)
	at java.lang.Integer.valueOf(Integer.java:574)
	at org.apache.commons.jexl.util.Coercion.coerceInteger(Coercion.java:95)
	at org.apache.commons.jexl.parser.ASTArrayAccess.evaluateExpr(ASTArrayAccess.java:177)
	at org.apache.commons.jexl.parser.ASTIdentifier.execute(ASTIdentifier.java:104)
	at org.apache.commons.jexl.parser.ASTReference.execute(ASTReference.java:106)
	at org.apache.commons.jexl.parser.ASTReference.value(ASTReference.java:88)
	at org.apache.commons.jexl.parser.ASTNotNode.value(ASTNotNode.java:88)
	at org.apache.commons.jexl.parser.ASTExpression.value(ASTExpression.java:85)
	at org.apache.commons.jexl.ExpressionImpl.evaluate(ExpressionImpl.java:123)
	at org.apache.commons.jelly.expression.jexl.JexlExpression.evaluate(JexlExpression.java:115)
	at org.apache.commons.jelly.expression.jexl.JexlExpressionFactory$ExpressionSupportLocal.evaluate(JexlExpressionFactory.java:168)
	at org.apache.commons.jelly.expression.ExpressionSupport.evaluateRecurse(ExpressionSupport.java:106)
	at org.apache.commons.jelly.expression.ExpressionSupport.evaluateAsBoolean(ExpressionSupport.java:116)
	at org.apache.commons.jelly.tags.core.WhenTag.doTag(WhenTag.java:90)
	at org.apache.commons.jelly.impl.TagScript.run(TagScript.java:279)
	at org.apache.commons.jelly.impl.ScriptBlock.run(ScriptBlock.java:135)
	at org.apache.commons.jelly.TagSupport.invokeBody(TagSupport.java:233)
	at org.apache.commons.jelly.tags.core.ChooseTag.doTag(ChooseTag.java:84)
	at org.apache.commons.jelly.impl.TagScript.run(TagScript.java:279)
	at org.apache.commons.jelly.impl.ScriptBlock.run(ScriptBlock.java:135)
	at org.apache.commons.jelly.TagSupport.invokeBody(TagSupport.java:233)
	at com.werken.werkz.jelly.ProjectTag.doTag(ProjectTag.java:112)
	at org.apache.commons.jelly.impl.TagScript.run(TagScript.java:279)
	at org.apache.maven.jelly.JellyUtils.runScript(JellyUtils.java:112)
	at org.apache.maven.jelly.JellyUtils.runScript(JellyUtils.java:139)
	at org.apache.maven.plugin.PluginManager.loadPlugin(PluginManager.java:673)
	at org.apache.maven.plugin.PluginManager.prepForGoal(PluginManager.java:475)
	at org.apache.maven.plugin.PluginManager.attainGoals(PluginManager.java:367)
	at org.apache.maven.MavenSession.attainGoals(MavenSession.java:360)
	at org.apache.maven.cli.App.doMain(App.java:518)
	at org.apache.maven.cli.App.main(App.java:1074)
	at sun.reflect.NativeMethodAccessorImpl.invoke0(Native Method)
	at sun.reflect.NativeMethodAccessorImpl.invoke(NativeMethodAccessorImpl.java:39)
	at sun.reflect.DelegatingMethodAccessorImpl.invoke(DelegatingMethodAccessorImpl.java:25)
	at java.lang.reflect.Method.invoke(Method.java:324)
	at com.werken.forehead.Forehead.run(Forehead.java:543)
	at com.werken.forehead.Forehead.main(Forehead.java:573)
2003-07-17 00:50:53,030 ERROR org.apache.commons.jelly.tags.ant.AntTag - Class org.apache.commons.jelly.tags.core.OtherwiseTag doesn't support the nested "property" element.
2003-07-17 00:50:53,032 ERROR org.apache.commons.jelly.tags.ant.AntTag - Class com.werken.werkz.jelly.ProjectTag doesn't support the nested "patternset" element.
2003-07-17 00:50:53,042 WARN  org.apache.commons.jelly.expression.jexl.JexlExpression - Caught exception evaluating: org.apache.commons.jexl.ExpressionImpl@8aeb74. Reason: java.lang.NumberFormatException: For input string: "includes"
java.lang.NumberFormatException: For input string: "includes"
	at java.lang.NumberFormatException.forInputString(NumberFormatException.java:48)
	at java.lang.Integer.parseInt(Integer.java:468)
	at java.lang.Integer.valueOf(Integer.java:574)
	at org.apache.commons.jexl.util.Coercion.coerceInteger(Coercion.java:95)
	at org.apache.commons.jexl.parser.ASTArrayAccess.evaluateExpr(ASTArrayAccess.java:177)
	at org.apache.commons.jexl.parser.ASTIdentifier.execute(ASTIdentifier.java:104)
	at org.apache.commons.jexl.parser.ASTReference.execute(ASTReference.java:106)
	at org.apache.commons.jexl.parser.ASTReference.value(ASTReference.java:88)
	at org.apache.commons.jexl.ExpressionImpl.evaluate(ExpressionImpl.java:123)
	at org.apache.commons.jelly.expression.jexl.JexlExpression.evaluate(JexlExpression.java:115)
	at org.apache.commons.jelly.expression.jexl.JexlExpressionFactory$ExpressionSupportLocal.evaluate(JexlExpressionFactory.java:168)
	at org.apache.commons.jelly.expression.ExpressionSupport.evaluateRecurse(ExpressionSupport.java:106)
	at org.apache.commons.jelly.expression.ExpressionSupport.evaluateAsIterator(ExpressionSupport.java:146)
	at org.apache.commons.jelly.tags.core.ForEachTag.doTag(ForEachTag.java:127)
	at org.apache.commons.jelly.impl.TagScript.run(TagScript.java:279)
	at org.apache.commons.jelly.impl.ScriptBlock.run(ScriptBlock.java:135)
	at org.apache.commons.jelly.TagSupport.invokeBody(TagSupport.java:233)
	at org.apache.commons.jelly.TagSupport.getBodyText(TagSupport.java:271)
	at org.apache.commons.jelly.tags.ant.AntTag.doTag(AntTag.java:266)
	at org.apache.commons.jelly.impl.TagScript.run(TagScript.java:279)
	at org.apache.commons.jelly.impl.ScriptBlock.run(ScriptBlock.java:135)
	at org.apache.commons.jelly.TagSupport.invokeBody(TagSupport.java:233)
	at com.werken.werkz.jelly.ProjectTag.doTag(ProjectTag.java:112)
	at org.apache.commons.jelly.impl.TagScript.run(TagScript.java:279)
	at org.apache.maven.jelly.JellyUtils.runScript(JellyUtils.java:112)
	at org.apache.maven.jelly.JellyUtils.runScript(JellyUtils.java:139)
	at org.apache.maven.plugin.PluginManager.loadPlugin(PluginManager.java:673)
	at org.apache.maven.plugin.PluginManager.prepForGoal(PluginManager.java:475)
	at org.apache.maven.plugin.PluginManager.attainGoals(PluginManager.java:367)
	at org.apache.maven.MavenSession.attainGoals(MavenSession.java:360)
	at org.apache.maven.cli.App.doMain(App.java:518)
	at org.apache.maven.cli.App.main(App.java:1074)
	at sun.reflect.NativeMethodAccessorImpl.invoke0(Native Method)
	at sun.reflect.NativeMethodAccessorImpl.invoke(NativeMethodAccessorImpl.java:39)
	at sun.reflect.DelegatingMethodAccessorImpl.invoke(DelegatingMethodAccessorImpl.java:25)
	at java.lang.reflect.Method.invoke(Method.java:324)
	at com.werken.forehead.Forehead.run(Forehead.java:543)
	at com.werken.forehead.Forehead.main(Forehead.java:573)
2003-07-17 00:50:53,044 WARN  org.apache.commons.jelly.expression.jexl.JexlExpression - Caught exception evaluating: org.apache.commons.jexl.ExpressionImpl@6835fb. Reason: java.lang.NumberFormatException: For input string: "excludes"
java.lang.NumberFormatException: For input string: "excludes"
	at java.lang.NumberFormatException.forInputString(NumberFormatException.java:48)
	at java.lang.Integer.parseInt(Integer.java:468)
	at java.lang.Integer.valueOf(Integer.java:574)
	at org.apache.commons.jexl.util.Coercion.coerceInteger(Coercion.java:95)
	at org.apache.commons.jexl.parser.ASTArrayAccess.evaluateExpr(ASTArrayAccess.java:177)
	at org.apache.commons.jexl.parser.ASTIdentifier.execute(ASTIdentifier.java:104)
	at org.apache.commons.jexl.parser.ASTReference.execute(ASTReference.java:106)
	at org.apache.commons.jexl.parser.ASTReference.value(ASTReference.java:88)
	at org.apache.commons.jexl.ExpressionImpl.evaluate(ExpressionImpl.java:123)
	at org.apache.commons.jelly.expression.jexl.JexlExpression.evaluate(JexlExpression.java:115)
	at org.apache.commons.jelly.expression.jexl.JexlExpressionFactory$ExpressionSupportLocal.evaluate(JexlExpressionFactory.java:168)
	at org.apache.commons.jelly.expression.ExpressionSupport.evaluateRecurse(ExpressionSupport.java:106)
	at org.apache.commons.jelly.expression.ExpressionSupport.evaluateAsIterator(ExpressionSupport.java:146)
	at org.apache.commons.jelly.tags.core.ForEachTag.doTag(ForEachTag.java:127)
	at org.apache.commons.jelly.impl.TagScript.run(TagScript.java:279)
	at org.apache.commons.jelly.impl.ScriptBlock.run(ScriptBlock.java:135)
	at org.apache.commons.jelly.TagSupport.invokeBody(TagSupport.java:233)
	at org.apache.commons.jelly.TagSupport.getBodyText(TagSupport.java:271)
	at org.apache.commons.jelly.tags.ant.AntTag.doTag(AntTag.java:266)
	at org.apache.commons.jelly.impl.TagScript.run(TagScript.java:279)
	at org.apache.commons.jelly.impl.ScriptBlock.run(ScriptBlock.java:135)
	at org.apache.commons.jelly.TagSupport.invokeBody(TagSupport.java:233)
	at com.werken.werkz.jelly.ProjectTag.doTag(ProjectTag.java:112)
	at org.apache.commons.jelly.impl.TagScript.run(TagScript.java:279)
	at org.apache.maven.jelly.JellyUtils.runScript(JellyUtils.java:112)
	at org.apache.maven.jelly.JellyUtils.runScript(JellyUtils.java:139)
	at org.apache.maven.plugin.PluginManager.loadPlugin(PluginManager.java:673)
	at org.apache.maven.plugin.PluginManager.prepForGoal(PluginManager.java:475)
	at org.apache.maven.plugin.PluginManager.attainGoals(PluginManager.java:367)
	at org.apache.maven.MavenSession.attainGoals(MavenSession.java:360)
	at org.apache.maven.cli.App.doMain(App.java:518)
	at org.apache.maven.cli.App.main(App.java:1074)
	at sun.reflect.NativeMethodAccessorImpl.invoke0(Native Method)
	at sun.reflect.NativeMethodAccessorImpl.invoke(NativeMethodAccessorImpl.java:39)
	at sun.reflect.DelegatingMethodAccessorImpl.invoke(DelegatingMethodAccessorImpl.java:25)
	at java.lang.reflect.Method.invoke(Method.java:324)
	at com.werken.forehead.Forehead.run(Forehead.java:543)
	at com.werken.forehead.Forehead.main(Forehead.java:573)
2003-07-17 00:50:53,157 ERROR org.apache.commons.jelly.tags.ant.AntTag - Class com.werken.werkz.jelly.ProjectTag doesn't support the nested "path" element.
2003-07-17 00:50:53,161 ERROR org.apache.commons.jelly.tags.ant.AntTag - Class org.apache.commons.jelly.tags.core.IfTag doesn't support the nested "path" element.
2003-07-17 00:50:53,163 ERROR org.apache.commons.jelly.tags.ant.AntTag - Class org.apache.commons.jelly.tags.core.IfTag doesn't support the nested "path" element.
2003-07-17 00:50:53,470 ERROR org.apache.commons.jelly.tags.ant.AntTag - Class com.werken.werkz.jelly.ProjectTag doesn't support the nested "path" element.
2003-07-17 00:50:53,472 ERROR org.apache.commons.jelly.tags.ant.AntTag - Class org.apache.commons.jelly.tags.core.IfTag doesn't support the nested "path" element.
2003-07-17 00:50:53,474 ERROR org.apache.commons.jelly.tags.ant.AntTag - Class org.apache.commons.jelly.tags.core.IfTag doesn't support the nested "path" element.
2003-07-17 00:50:53,634 ERROR org.apache.commons.jelly.tags.ant.AntTag - Class com.werken.werkz.jelly.ProjectTag doesn't support the nested "path" element.
2003-07-17 00:50:53,635 ERROR org.apache.commons.jelly.tags.ant.AntTag - Class org.apache.commons.jelly.tags.core.IfTag doesn't support the nested "path" element.
2003-07-17 00:50:53,637 ERROR org.apache.commons.jelly.tags.ant.AntTag - Class org.apache.commons.jelly.tags.core.IfTag doesn't support the nested "path" element.
2003-07-17 00:50:53,654 ERROR org.apache.commons.jelly.tags.ant.AntTag - Class com.werken.werkz.jelly.ProjectTag doesn't support the nested "path" element.
2003-07-17 00:50:53,659 ERROR org.apache.commons.jelly.tags.ant.AntTag - Class com.werken.werkz.jelly.ProjectTag doesn't support the nested "property" element.
2003-07-17 00:50:53,667 ERROR org.apache.commons.jelly.tags.ant.AntTag - Class com.werken.werkz.jelly.GoalTag doesn't support the nested "mkdir" element.
2003-07-17 00:50:53,671 ERROR org.apache.commons.jelly.tags.ant.AntTag - Class org.apache.commons.jelly.tags.core.WhenTag doesn't support the nested "javac" element.
2003-07-17 00:50:53,779 INFO  com.werken.werkz.jelly.PostGoalTag - Running post goal: java:compile
2003-07-17 00:50:53,780 ERROR org.apache.commons.jelly.tags.ant.AntTag - Class com.werken.werkz.jelly.PostGoalTag doesn't support the nested "echo" element.
2003-07-17 00:50:53,811 ERROR org.apache.commons.jelly.tags.ant.AntTag - Class org.apache.commons.jelly.tags.core.IfTag doesn't support the nested "copy" element.
2003-07-17 00:50:53,813 WARN  org.apache.commons.jelly.expression.jexl.JexlExpression - Caught exception evaluating: org.apache.commons.jexl.ExpressionImpl@190ef12. Reason: java.lang.NumberFormatException: For input string: "includes"
java.lang.NumberFormatException: For input string: "includes"
	at java.lang.NumberFormatException.forInputString(NumberFormatException.java:48)
	at java.lang.Integer.parseInt(Integer.java:468)
	at java.lang.Integer.valueOf(Integer.java:574)
	at org.apache.commons.jexl.util.Coercion.coerceInteger(Coercion.java:95)
	at org.apache.commons.jexl.parser.ASTArrayAccess.evaluateExpr(ASTArrayAccess.java:177)
	at org.apache.commons.jexl.parser.ASTIdentifier.execute(ASTIdentifier.java:104)
	at org.apache.commons.jexl.parser.ASTReference.execute(ASTReference.java:106)
	at org.apache.commons.jexl.parser.ASTReference.value(ASTReference.java:88)
	at org.apache.commons.jexl.ExpressionImpl.evaluate(ExpressionImpl.java:123)
	at org.apache.commons.jelly.expression.jexl.JexlExpression.evaluate(JexlExpression.java:115)
	at org.apache.commons.jelly.expression.jexl.JexlExpressionFactory$ExpressionSupportLocal.evaluate(JexlExpressionFactory.java:168)
	at org.apache.commons.jelly.expression.ExpressionSupport.evaluateRecurse(ExpressionSupport.java:106)
	at org.apache.commons.jelly.expression.ExpressionSupport.evaluateAsBoolean(ExpressionSupport.java:116)
	at org.apache.commons.jelly.tags.core.IfTag.doTag(IfTag.java:87)
	at org.apache.commons.jelly.impl.TagScript.run(TagScript.java:279)
	at org.apache.commons.jelly.impl.ScriptBlock.run(ScriptBlock.java:135)
	at org.apache.commons.jelly.TagSupport.invokeBody(TagSupport.java:233)
	at org.apache.commons.jelly.TagSupport.getBodyText(TagSupport.java:271)
	at org.apache.commons.jelly.tags.ant.AntTag.doTag(AntTag.java:266)
	at org.apache.commons.jelly.impl.TagScript.run(TagScript.java:279)
	at org.apache.commons.jelly.impl.ScriptBlock.run(ScriptBlock.java:135)
	at org.apache.commons.jelly.TagSupport.invokeBody(TagSupport.java:233)
	at org.apache.commons.jelly.TagSupport.getBodyText(TagSupport.java:271)
	at org.apache.commons.jelly.tags.ant.AntTag.doTag(AntTag.java:204)
	at org.apache.commons.jelly.impl.TagScript.run(TagScript.java:279)
	at org.apache.commons.jelly.impl.ScriptBlock.run(ScriptBlock.java:135)
	at org.apache.commons.jelly.TagSupport.invokeBody(TagSupport.java:233)
	at org.apache.commons.jelly.tags.core.IfTag.doTag(IfTag.java:88)
	at org.apache.commons.jelly.impl.TagScript.run(TagScript.java:279)
	at org.apache.commons.jelly.impl.ScriptBlock.run(ScriptBlock.java:135)
	at org.apache.commons.jelly.TagSupport.invokeBody(TagSupport.java:233)
	at org.apache.commons.jelly.tags.core.ForEachTag.doTag(ForEachTag.java:145)
	at org.apache.commons.jelly.impl.TagScript.run(TagScript.java:279)
	at org.apache.commons.jelly.impl.ScriptBlock.run(ScriptBlock.java:135)
	at org.apache.commons.jelly.impl.DynamicTag.doTag(DynamicTag.java:113)
	at org.apache.commons.jelly.impl.TagScript.run(TagScript.java:279)
	at org.apache.commons.jelly.impl.ScriptBlock.run(ScriptBlock.java:135)
	at org.apache.commons.jelly.TagSupport.invokeBody(TagSupport.java:233)
	at org.apache.commons.jelly.tags.core.IfTag.doTag(IfTag.java:88)
	at org.apache.commons.jelly.impl.TagScript.run(TagScript.java:279)
	at org.apache.commons.jelly.impl.ScriptBlock.run(ScriptBlock.java:135)
	at org.apache.commons.jelly.TagSupport.invokeBody(TagSupport.java:233)
	at com.werken.werkz.jelly.GoalTag$1.performAction(GoalTag.java:116)
	at com.werken.werkz.Goal.fire(Goal.java:639)
	at com.werken.werkz.Goal.attain(Goal.java:575)
	at com.werken.werkz.Goal.attainPrecursors(Goal.java:488)
	at com.werken.werkz.Goal.attain(Goal.java:573)
	at com.werken.werkz.Goal.attainPrecursors(Goal.java:488)
	at com.werken.werkz.Goal.attain(Goal.java:573)
	at com.werken.werkz.Goal.attainPrecursors(Goal.java:488)
	at com.werken.werkz.Goal.attain(Goal.java:573)
	at com.werken.werkz.Goal.attainPrecursors(Goal.java:488)
	at com.werken.werkz.Goal.attain(Goal.java:573)
	at org.apache.maven.plugin.PluginManager.attainGoals(PluginManager.java:383)
	at org.apache.maven.MavenSession.attainGoals(MavenSession.java:360)
	at org.apache.maven.cli.App.doMain(App.java:518)
	at org.apache.maven.cli.App.main(App.java:1074)
	at sun.reflect.NativeMethodAccessorImpl.invoke0(Native Method)
	at sun.reflect.NativeMethodAccessorImpl.invoke(NativeMethodAccessorImpl.java:39)
	at sun.reflect.DelegatingMethodAccessorImpl.invoke(DelegatingMethodAccessorImpl.java:25)
	at java.lang.reflect.Method.invoke(Method.java:324)
	at com.werken.forehead.Forehead.run(Forehead.java:543)
	at com.werken.forehead.Forehead.main(Forehead.java:573)
2003-07-17 00:50:53,831 ERROR org.apache.commons.jelly.tags.ant.AntTag - Class com.werken.werkz.jelly.GoalTag doesn't support the nested "mkdir" element.
2003-07-17 00:50:53,832 ERROR org.apache.commons.jelly.tags.ant.AntTag - Class com.werken.werkz.jelly.GoalTag doesn't support the nested "mkdir" element.
2003-07-17 00:50:53,833 ERROR org.apache.commons.jelly.tags.ant.AntTag - Class org.apache.commons.jelly.tags.core.IfTag doesn't support the nested "javac" element.
2003-07-17 00:50:55,339 ERROR org.apache.commons.jelly.tags.ant.AntTag - Class org.apache.commons.jelly.tags.core.IfTag doesn't support the nested "taskdef" element.
2003-07-17 00:50:55,350 ERROR org.apache.commons.jelly.tags.ant.AntTag - Class org.apache.commons.jelly.tags.core.IfTag doesn't support the nested "junit" element.
2003-07-17 00:50:55,443 INFO  com.werken.werkz.jelly.PostGoalTag - Running post goal: test:test
2003-07-17 00:50:55,443 ERROR org.apache.commons.jelly.tags.ant.AntTag - Class com.werken.werkz.jelly.PostGoalTag doesn't support the nested "echo" element.
2003-07-17 00:50:55,452 ERROR org.apache.commons.jelly.tags.ant.AntTag - Class com.werken.werkz.jelly.GoalTag doesn't support the nested "available" element.
2003-07-17 00:50:55,454 ERROR org.apache.commons.jelly.tags.ant.AntTag - Class com.werken.werkz.jelly.GoalTag doesn't support the nested "jar" element.
2003-07-17 00:50:55,614 ERROR org.apache.commons.jelly.tags.ant.AntTag - Class com.werken.werkz.jelly.GoalTag doesn't support the nested "echo" element.
2003-07-17 00:50:55,626 ERROR org.apache.commons.jelly.tags.ant.AntTag - Class com.werken.werkz.jelly.GoalTag doesn't support the nested "property" element.
2003-07-17 00:50:55,627 ERROR org.apache.commons.jelly.tags.ant.AntTag - Class com.werken.werkz.jelly.GoalTag doesn't support the nested "mkdir" element.
2003-07-17 00:50:55,628 ERROR org.apache.commons.jelly.tags.ant.AntTag - Class com.werken.werkz.jelly.GoalTag doesn't support the nested "copy" element.
2003-07-17 00:50:55,631 INFO  com.werken.werkz.jelly.PostGoalTag - Running post goal: jar:install
2003-07-17 00:50:55,631 ERROR org.apache.commons.jelly.tags.ant.AntTag - Class com.werken.werkz.jelly.PostGoalTag doesn't support the nested "tstamp" element.
2003-07-17 00:50:55,636 ERROR org.apache.commons.jelly.tags.ant.AntTag - Class com.werken.werkz.jelly.PostGoalTag doesn't support the nested "echo" element.
